{"C:\\Users\\deris\\Documents\\Projects\\ws-ethereum\\src\\api\\src\\api.js": {"path":"C:\\Users\\deris\\Documents\\Projects\\ws-ethereum\\src\\api\\src\\api.js","all":false,"statementMap":{"0":{"start":{"line":1,"column":0},"end":{"line":1,"column":47}},"1":{"start":{"line":2,"column":0},"end":{"line":2,"column":64}},"2":{"start":{"line":3,"column":0},"end":{"line":3,"column":64}},"3":{"start":{"line":4,"column":0},"end":{"line":4,"column":70}},"4":{"start":{"line":5,"column":0},"end":{"line":5,"column":0}},"5":{"start":{"line":6,"column":0},"end":{"line":6,"column":11}},"6":{"start":{"line":7,"column":0},"end":{"line":7,"column":29}},"7":{"start":{"line":8,"column":0},"end":{"line":8,"column":47}},"8":{"start":{"line":9,"column":0},"end":{"line":9,"column":39}},"9":{"start":{"line":10,"column":0},"end":{"line":10,"column":24}},"10":{"start":{"line":11,"column":0},"end":{"line":11,"column":3}},"11":{"start":{"line":12,"column":0},"end":{"line":12,"column":0}},"12":{"start":{"line":13,"column":0},"end":{"line":13,"column":50}},"13":{"start":{"line":14,"column":0},"end":{"line":14,"column":80}},"14":{"start":{"line":15,"column":0},"end":{"line":15,"column":31}},"15":{"start":{"line":16,"column":0},"end":{"line":16,"column":0}},"16":{"start":{"line":17,"column":0},"end":{"line":17,"column":61}},"17":{"start":{"line":18,"column":0},"end":{"line":18,"column":0}},"18":{"start":{"line":19,"column":0},"end":{"line":19,"column":47}},"19":{"start":{"line":20,"column":0},"end":{"line":20,"column":47}},"20":{"start":{"line":21,"column":0},"end":{"line":21,"column":45}},"21":{"start":{"line":22,"column":0},"end":{"line":22,"column":14}},"22":{"start":{"line":23,"column":0},"end":{"line":23,"column":0}},"23":{"start":{"line":24,"column":0},"end":{"line":24,"column":18}},"24":{"start":{"line":25,"column":0},"end":{"line":25,"column":36}},"25":{"start":{"line":26,"column":0},"end":{"line":26,"column":21}},"26":{"start":{"line":27,"column":0},"end":{"line":27,"column":5}},"27":{"start":{"line":28,"column":0},"end":{"line":28,"column":3}},"28":{"start":{"line":29,"column":0},"end":{"line":29,"column":0}},"29":{"start":{"line":30,"column":0},"end":{"line":30,"column":18}},"30":{"start":{"line":31,"column":0},"end":{"line":31,"column":44}},"31":{"start":{"line":32,"column":0},"end":{"line":32,"column":44}},"32":{"start":{"line":33,"column":0},"end":{"line":33,"column":47}},"33":{"start":{"line":34,"column":0},"end":{"line":34,"column":3}},"34":{"start":{"line":35,"column":0},"end":{"line":35,"column":1}},"35":{"start":{"line":36,"column":0},"end":{"line":36,"column":0}},"36":{"start":{"line":37,"column":0},"end":{"line":37,"column":25}}},"s":{"0":1,"1":1,"2":1,"3":1,"4":1,"5":1,"6":1,"7":4,"8":4,"9":4,"10":4,"11":1,"12":1,"13":3,"14":0,"15":0,"16":0,"17":0,"18":0,"19":0,"20":0,"21":0,"22":0,"23":0,"24":0,"25":0,"26":0,"27":3,"28":1,"29":1,"30":4,"31":4,"32":4,"33":4,"34":1,"35":1,"36":1},"branchMap":{"0":{"type":"branch","line":7,"loc":{"start":{"line":7,"column":2},"end":{"line":11,"column":3}},"locations":[{"start":{"line":7,"column":2},"end":{"line":11,"column":3}}]},"1":{"type":"branch","line":13,"loc":{"start":{"line":13,"column":20},"end":{"line":28,"column":3}},"locations":[{"start":{"line":13,"column":20},"end":{"line":28,"column":3}}]},"2":{"type":"branch","line":14,"loc":{"start":{"line":14,"column":4},"end":{"line":27,"column":5}},"locations":[{"start":{"line":14,"column":4},"end":{"line":27,"column":5}}]},"3":{"type":"branch","line":30,"loc":{"start":{"line":30,"column":2},"end":{"line":34,"column":3}},"locations":[{"start":{"line":30,"column":2},"end":{"line":34,"column":3}}]}},"b":{"0":[4],"1":[3],"2":[0],"3":[4]},"fnMap":{"0":{"name":"API","decl":{"start":{"line":7,"column":2},"end":{"line":11,"column":3}},"loc":{"start":{"line":7,"column":2},"end":{"line":11,"column":3}},"line":7},"1":{"name":"authenticate","decl":{"start":{"line":13,"column":20},"end":{"line":28,"column":3}},"loc":{"start":{"line":13,"column":20},"end":{"line":28,"column":3}},"line":13},"2":{"name":"_initClasses","decl":{"start":{"line":30,"column":2},"end":{"line":34,"column":3}},"loc":{"start":{"line":30,"column":2},"end":{"line":34,"column":3}},"line":30}},"f":{"0":4,"1":3,"2":4}}
,"C:\\Users\\deris\\Documents\\Projects\\ws-ethereum\\src\\api\\src\\constant\\roles.js": {"path":"C:\\Users\\deris\\Documents\\Projects\\ws-ethereum\\src\\api\\src\\constant\\roles.js","all":false,"statementMap":{"0":{"start":{"line":1,"column":0},"end":{"line":1,"column":71}},"1":{"start":{"line":2,"column":0},"end":{"line":2,"column":26}}},"s":{"0":1,"1":1},"branchMap":{},"b":{},"fnMap":{},"f":{}}
,"C:\\Users\\deris\\Documents\\Projects\\ws-ethereum\\src\\api\\src\\contract\\abi.js": {"path":"C:\\Users\\deris\\Documents\\Projects\\ws-ethereum\\src\\api\\src\\contract\\abi.js","all":false,"statementMap":{"0":{"start":{"line":1,"column":0},"end":{"line":1,"column":18}},"1":{"start":{"line":2,"column":0},"end":{"line":2,"column":3}},"2":{"start":{"line":3,"column":0},"end":{"line":3,"column":15}},"3":{"start":{"line":4,"column":0},"end":{"line":4,"column":34}},"4":{"start":{"line":5,"column":0},"end":{"line":5,"column":24}},"5":{"start":{"line":6,"column":0},"end":{"line":6,"column":4}},"6":{"start":{"line":7,"column":0},"end":{"line":7,"column":3}},"7":{"start":{"line":8,"column":0},"end":{"line":8,"column":13}},"8":{"start":{"line":9,"column":0},"end":{"line":9,"column":7}},"9":{"start":{"line":10,"column":0},"end":{"line":10,"column":32}},"10":{"start":{"line":11,"column":0},"end":{"line":11,"column":30}},"11":{"start":{"line":12,"column":0},"end":{"line":12,"column":24}},"12":{"start":{"line":13,"column":0},"end":{"line":13,"column":8}},"13":{"start":{"line":14,"column":0},"end":{"line":14,"column":7}},"14":{"start":{"line":15,"column":0},"end":{"line":15,"column":29}},"15":{"start":{"line":16,"column":0},"end":{"line":16,"column":23}},"16":{"start":{"line":17,"column":0},"end":{"line":17,"column":21}},"17":{"start":{"line":18,"column":0},"end":{"line":18,"column":8}},"18":{"start":{"line":19,"column":0},"end":{"line":19,"column":6}},"19":{"start":{"line":20,"column":0},"end":{"line":20,"column":36}},"20":{"start":{"line":21,"column":0},"end":{"line":21,"column":16}},"21":{"start":{"line":22,"column":0},"end":{"line":22,"column":34}},"22":{"start":{"line":23,"column":0},"end":{"line":23,"column":21}},"23":{"start":{"line":24,"column":0},"end":{"line":24,"column":4}},"24":{"start":{"line":25,"column":0},"end":{"line":25,"column":3}},"25":{"start":{"line":26,"column":0},"end":{"line":26,"column":13}},"26":{"start":{"line":27,"column":0},"end":{"line":27,"column":7}},"27":{"start":{"line":28,"column":0},"end":{"line":28,"column":31}},"28":{"start":{"line":29,"column":0},"end":{"line":29,"column":25}},"29":{"start":{"line":30,"column":0},"end":{"line":30,"column":23}},"30":{"start":{"line":31,"column":0},"end":{"line":31,"column":8}},"31":{"start":{"line":32,"column":0},"end":{"line":32,"column":7}},"32":{"start":{"line":33,"column":0},"end":{"line":33,"column":29}},"33":{"start":{"line":34,"column":0},"end":{"line":34,"column":23}},"34":{"start":{"line":35,"column":0},"end":{"line":35,"column":21}},"35":{"start":{"line":36,"column":0},"end":{"line":36,"column":8}},"36":{"start":{"line":37,"column":0},"end":{"line":37,"column":6}},"37":{"start":{"line":38,"column":0},"end":{"line":38,"column":32}},"38":{"start":{"line":39,"column":0},"end":{"line":39,"column":16}},"39":{"start":{"line":40,"column":0},"end":{"line":40,"column":31}},"40":{"start":{"line":41,"column":0},"end":{"line":41,"column":21}},"41":{"start":{"line":42,"column":0},"end":{"line":42,"column":4}},"42":{"start":{"line":43,"column":0},"end":{"line":43,"column":3}},"43":{"start":{"line":44,"column":0},"end":{"line":44,"column":13}},"44":{"start":{"line":45,"column":0},"end":{"line":45,"column":7}},"45":{"start":{"line":46,"column":0},"end":{"line":46,"column":31}},"46":{"start":{"line":47,"column":0},"end":{"line":47,"column":25}},"47":{"start":{"line":48,"column":0},"end":{"line":48,"column":23}},"48":{"start":{"line":49,"column":0},"end":{"line":49,"column":8}},"49":{"start":{"line":50,"column":0},"end":{"line":50,"column":7}},"50":{"start":{"line":51,"column":0},"end":{"line":51,"column":32}},"51":{"start":{"line":52,"column":0},"end":{"line":52,"column":27}},"52":{"start":{"line":53,"column":0},"end":{"line":53,"column":24}},"53":{"start":{"line":54,"column":0},"end":{"line":54,"column":8}},"54":{"start":{"line":55,"column":0},"end":{"line":55,"column":6}},"55":{"start":{"line":56,"column":0},"end":{"line":56,"column":29}},"56":{"start":{"line":57,"column":0},"end":{"line":57,"column":14}},"57":{"start":{"line":58,"column":0},"end":{"line":58,"column":7}},"58":{"start":{"line":59,"column":0},"end":{"line":59,"column":29}},"59":{"start":{"line":60,"column":0},"end":{"line":60,"column":24}},"60":{"start":{"line":61,"column":0},"end":{"line":61,"column":21}},"61":{"start":{"line":62,"column":0},"end":{"line":62,"column":8}},"62":{"start":{"line":63,"column":0},"end":{"line":63,"column":6}},"63":{"start":{"line":64,"column":0},"end":{"line":64,"column":28}},"64":{"start":{"line":65,"column":0},"end":{"line":65,"column":21}},"65":{"start":{"line":66,"column":0},"end":{"line":66,"column":4}},"66":{"start":{"line":67,"column":0},"end":{"line":67,"column":3}},"67":{"start":{"line":68,"column":0},"end":{"line":68,"column":15}},"68":{"start":{"line":69,"column":0},"end":{"line":69,"column":35}},"69":{"start":{"line":70,"column":0},"end":{"line":70,"column":16}},"70":{"start":{"line":71,"column":0},"end":{"line":71,"column":34}},"71":{"start":{"line":72,"column":0},"end":{"line":72,"column":21}},"72":{"start":{"line":73,"column":0},"end":{"line":73,"column":4}},"73":{"start":{"line":74,"column":0},"end":{"line":74,"column":3}},"74":{"start":{"line":75,"column":0},"end":{"line":75,"column":15}},"75":{"start":{"line":76,"column":0},"end":{"line":76,"column":31}},"76":{"start":{"line":77,"column":0},"end":{"line":77,"column":16}},"77":{"start":{"line":78,"column":0},"end":{"line":78,"column":34}},"78":{"start":{"line":79,"column":0},"end":{"line":79,"column":21}},"79":{"start":{"line":80,"column":0},"end":{"line":80,"column":4}},"80":{"start":{"line":81,"column":0},"end":{"line":81,"column":3}},"81":{"start":{"line":82,"column":0},"end":{"line":82,"column":13}},"82":{"start":{"line":83,"column":0},"end":{"line":83,"column":7}},"83":{"start":{"line":84,"column":0},"end":{"line":84,"column":32}},"84":{"start":{"line":85,"column":0},"end":{"line":85,"column":21}},"85":{"start":{"line":86,"column":0},"end":{"line":86,"column":24}},"86":{"start":{"line":87,"column":0},"end":{"line":87,"column":8}},"87":{"start":{"line":88,"column":0},"end":{"line":88,"column":7}},"88":{"start":{"line":89,"column":0},"end":{"line":89,"column":46}},"89":{"start":{"line":90,"column":0},"end":{"line":90,"column":29}},"90":{"start":{"line":91,"column":0},"end":{"line":91,"column":22}},"91":{"start":{"line":92,"column":0},"end":{"line":92,"column":8}},"92":{"start":{"line":93,"column":0},"end":{"line":93,"column":7}},"93":{"start":{"line":94,"column":0},"end":{"line":94,"column":31}},"94":{"start":{"line":95,"column":0},"end":{"line":95,"column":29}},"95":{"start":{"line":96,"column":0},"end":{"line":96,"column":23}},"96":{"start":{"line":97,"column":0},"end":{"line":97,"column":8}},"97":{"start":{"line":98,"column":0},"end":{"line":98,"column":7}},"98":{"start":{"line":99,"column":0},"end":{"line":99,"column":29}},"99":{"start":{"line":100,"column":0},"end":{"line":100,"column":24}},"100":{"start":{"line":101,"column":0},"end":{"line":101,"column":21}},"101":{"start":{"line":102,"column":0},"end":{"line":102,"column":8}},"102":{"start":{"line":103,"column":0},"end":{"line":103,"column":6}},"103":{"start":{"line":104,"column":0},"end":{"line":104,"column":23}},"104":{"start":{"line":105,"column":0},"end":{"line":105,"column":16}},"105":{"start":{"line":106,"column":0},"end":{"line":106,"column":34}},"106":{"start":{"line":107,"column":0},"end":{"line":107,"column":21}},"107":{"start":{"line":108,"column":0},"end":{"line":108,"column":4}},"108":{"start":{"line":109,"column":0},"end":{"line":109,"column":3}},"109":{"start":{"line":110,"column":0},"end":{"line":110,"column":13}},"110":{"start":{"line":111,"column":0},"end":{"line":111,"column":7}},"111":{"start":{"line":112,"column":0},"end":{"line":112,"column":31}},"112":{"start":{"line":113,"column":0},"end":{"line":113,"column":21}},"113":{"start":{"line":114,"column":0},"end":{"line":114,"column":23}},"114":{"start":{"line":115,"column":0},"end":{"line":115,"column":8}},"115":{"start":{"line":116,"column":0},"end":{"line":116,"column":6}},"116":{"start":{"line":117,"column":0},"end":{"line":117,"column":23}},"117":{"start":{"line":118,"column":0},"end":{"line":118,"column":16}},"118":{"start":{"line":119,"column":0},"end":{"line":119,"column":34}},"119":{"start":{"line":120,"column":0},"end":{"line":120,"column":21}},"120":{"start":{"line":121,"column":0},"end":{"line":121,"column":4}},"121":{"start":{"line":122,"column":0},"end":{"line":122,"column":3}},"122":{"start":{"line":123,"column":0},"end":{"line":123,"column":13}},"123":{"start":{"line":124,"column":0},"end":{"line":124,"column":7}},"124":{"start":{"line":125,"column":0},"end":{"line":125,"column":32}},"125":{"start":{"line":126,"column":0},"end":{"line":126,"column":23}},"126":{"start":{"line":127,"column":0},"end":{"line":127,"column":24}},"127":{"start":{"line":128,"column":0},"end":{"line":128,"column":8}},"128":{"start":{"line":129,"column":0},"end":{"line":129,"column":6}},"129":{"start":{"line":130,"column":0},"end":{"line":130,"column":30}},"130":{"start":{"line":131,"column":0},"end":{"line":131,"column":14}},"131":{"start":{"line":132,"column":0},"end":{"line":132,"column":7}},"132":{"start":{"line":133,"column":0},"end":{"line":133,"column":29}},"133":{"start":{"line":134,"column":0},"end":{"line":134,"column":23}},"134":{"start":{"line":135,"column":0},"end":{"line":135,"column":21}},"135":{"start":{"line":136,"column":0},"end":{"line":136,"column":8}},"136":{"start":{"line":137,"column":0},"end":{"line":137,"column":7}},"137":{"start":{"line":138,"column":0},"end":{"line":138,"column":46}},"138":{"start":{"line":139,"column":0},"end":{"line":139,"column":29}},"139":{"start":{"line":140,"column":0},"end":{"line":140,"column":22}},"140":{"start":{"line":141,"column":0},"end":{"line":141,"column":8}},"141":{"start":{"line":142,"column":0},"end":{"line":142,"column":7}},"142":{"start":{"line":143,"column":0},"end":{"line":143,"column":31}},"143":{"start":{"line":144,"column":0},"end":{"line":144,"column":29}},"144":{"start":{"line":145,"column":0},"end":{"line":145,"column":23}},"145":{"start":{"line":146,"column":0},"end":{"line":146,"column":8}},"146":{"start":{"line":147,"column":0},"end":{"line":147,"column":6}},"147":{"start":{"line":148,"column":0},"end":{"line":148,"column":28}},"148":{"start":{"line":149,"column":0},"end":{"line":149,"column":21}},"149":{"start":{"line":150,"column":0},"end":{"line":150,"column":4}},"150":{"start":{"line":151,"column":0},"end":{"line":151,"column":3}},"151":{"start":{"line":152,"column":0},"end":{"line":152,"column":15}},"152":{"start":{"line":153,"column":0},"end":{"line":153,"column":31}},"153":{"start":{"line":154,"column":0},"end":{"line":154,"column":14}},"154":{"start":{"line":155,"column":0},"end":{"line":155,"column":7}},"155":{"start":{"line":156,"column":0},"end":{"line":156,"column":34}},"156":{"start":{"line":157,"column":0},"end":{"line":157,"column":27}},"157":{"start":{"line":158,"column":0},"end":{"line":158,"column":26}},"158":{"start":{"line":159,"column":0},"end":{"line":159,"column":8}},"159":{"start":{"line":160,"column":0},"end":{"line":160,"column":6}},"160":{"start":{"line":161,"column":0},"end":{"line":161,"column":28}},"161":{"start":{"line":162,"column":0},"end":{"line":162,"column":21}},"162":{"start":{"line":163,"column":0},"end":{"line":163,"column":4}},"163":{"start":{"line":164,"column":0},"end":{"line":164,"column":3}},"164":{"start":{"line":165,"column":0},"end":{"line":165,"column":13}},"165":{"start":{"line":166,"column":0},"end":{"line":166,"column":7}},"166":{"start":{"line":167,"column":0},"end":{"line":167,"column":31}},"167":{"start":{"line":168,"column":0},"end":{"line":168,"column":25}},"168":{"start":{"line":169,"column":0},"end":{"line":169,"column":23}},"169":{"start":{"line":170,"column":0},"end":{"line":170,"column":8}},"170":{"start":{"line":171,"column":0},"end":{"line":171,"column":6}},"171":{"start":{"line":172,"column":0},"end":{"line":172,"column":28}},"172":{"start":{"line":173,"column":0},"end":{"line":173,"column":14}},"173":{"start":{"line":174,"column":0},"end":{"line":174,"column":7}},"174":{"start":{"line":175,"column":0},"end":{"line":175,"column":29}},"175":{"start":{"line":176,"column":0},"end":{"line":176,"column":23}},"176":{"start":{"line":177,"column":0},"end":{"line":177,"column":21}},"177":{"start":{"line":178,"column":0},"end":{"line":178,"column":8}},"178":{"start":{"line":179,"column":0},"end":{"line":179,"column":7}},"179":{"start":{"line":180,"column":0},"end":{"line":180,"column":32}},"180":{"start":{"line":181,"column":0},"end":{"line":181,"column":23}},"181":{"start":{"line":182,"column":0},"end":{"line":182,"column":24}},"182":{"start":{"line":183,"column":0},"end":{"line":183,"column":8}},"183":{"start":{"line":184,"column":0},"end":{"line":184,"column":7}},"184":{"start":{"line":185,"column":0},"end":{"line":185,"column":32}},"185":{"start":{"line":186,"column":0},"end":{"line":186,"column":22}},"186":{"start":{"line":187,"column":0},"end":{"line":187,"column":24}},"187":{"start":{"line":188,"column":0},"end":{"line":188,"column":8}},"188":{"start":{"line":189,"column":0},"end":{"line":189,"column":6}},"189":{"start":{"line":190,"column":0},"end":{"line":190,"column":28}},"190":{"start":{"line":191,"column":0},"end":{"line":191,"column":21}},"191":{"start":{"line":192,"column":0},"end":{"line":192,"column":4}},"192":{"start":{"line":193,"column":0},"end":{"line":193,"column":3}},"193":{"start":{"line":194,"column":0},"end":{"line":194,"column":15}},"194":{"start":{"line":195,"column":0},"end":{"line":195,"column":29}},"195":{"start":{"line":196,"column":0},"end":{"line":196,"column":14}},"196":{"start":{"line":197,"column":0},"end":{"line":197,"column":7}},"197":{"start":{"line":198,"column":0},"end":{"line":198,"column":33}},"198":{"start":{"line":199,"column":0},"end":{"line":199,"column":32}},"199":{"start":{"line":200,"column":0},"end":{"line":200,"column":25}},"200":{"start":{"line":201,"column":0},"end":{"line":201,"column":8}},"201":{"start":{"line":202,"column":0},"end":{"line":202,"column":6}},"202":{"start":{"line":203,"column":0},"end":{"line":203,"column":28}},"203":{"start":{"line":204,"column":0},"end":{"line":204,"column":21}},"204":{"start":{"line":205,"column":0},"end":{"line":205,"column":4}},"205":{"start":{"line":206,"column":0},"end":{"line":206,"column":3}},"206":{"start":{"line":207,"column":0},"end":{"line":207,"column":13}},"207":{"start":{"line":208,"column":0},"end":{"line":208,"column":7}},"208":{"start":{"line":209,"column":0},"end":{"line":209,"column":31}},"209":{"start":{"line":210,"column":0},"end":{"line":210,"column":25}},"210":{"start":{"line":211,"column":0},"end":{"line":211,"column":23}},"211":{"start":{"line":212,"column":0},"end":{"line":212,"column":8}},"212":{"start":{"line":213,"column":0},"end":{"line":213,"column":6}},"213":{"start":{"line":214,"column":0},"end":{"line":214,"column":22}},"214":{"start":{"line":215,"column":0},"end":{"line":215,"column":14}},"215":{"start":{"line":216,"column":0},"end":{"line":216,"column":7}},"216":{"start":{"line":217,"column":0},"end":{"line":217,"column":29}},"217":{"start":{"line":218,"column":0},"end":{"line":218,"column":23}},"218":{"start":{"line":219,"column":0},"end":{"line":219,"column":21}},"219":{"start":{"line":220,"column":0},"end":{"line":220,"column":8}},"220":{"start":{"line":221,"column":0},"end":{"line":221,"column":7}},"221":{"start":{"line":222,"column":0},"end":{"line":222,"column":32}},"222":{"start":{"line":223,"column":0},"end":{"line":223,"column":23}},"223":{"start":{"line":224,"column":0},"end":{"line":224,"column":24}},"224":{"start":{"line":225,"column":0},"end":{"line":225,"column":8}},"225":{"start":{"line":226,"column":0},"end":{"line":226,"column":7}},"226":{"start":{"line":227,"column":0},"end":{"line":227,"column":31}},"227":{"start":{"line":228,"column":0},"end":{"line":228,"column":21}},"228":{"start":{"line":229,"column":0},"end":{"line":229,"column":23}},"229":{"start":{"line":230,"column":0},"end":{"line":230,"column":8}},"230":{"start":{"line":231,"column":0},"end":{"line":231,"column":7}},"231":{"start":{"line":232,"column":0},"end":{"line":232,"column":31}},"232":{"start":{"line":233,"column":0},"end":{"line":233,"column":24}},"233":{"start":{"line":234,"column":0},"end":{"line":234,"column":23}},"234":{"start":{"line":235,"column":0},"end":{"line":235,"column":8}},"235":{"start":{"line":236,"column":0},"end":{"line":236,"column":7}},"236":{"start":{"line":237,"column":0},"end":{"line":237,"column":31}},"237":{"start":{"line":238,"column":0},"end":{"line":238,"column":23}},"238":{"start":{"line":239,"column":0},"end":{"line":239,"column":23}},"239":{"start":{"line":240,"column":0},"end":{"line":240,"column":8}},"240":{"start":{"line":241,"column":0},"end":{"line":241,"column":7}},"241":{"start":{"line":242,"column":0},"end":{"line":242,"column":33}},"242":{"start":{"line":243,"column":0},"end":{"line":243,"column":24}},"243":{"start":{"line":244,"column":0},"end":{"line":244,"column":25}},"244":{"start":{"line":245,"column":0},"end":{"line":245,"column":8}},"245":{"start":{"line":246,"column":0},"end":{"line":246,"column":7}},"246":{"start":{"line":247,"column":0},"end":{"line":247,"column":30}},"247":{"start":{"line":248,"column":0},"end":{"line":248,"column":21}},"248":{"start":{"line":249,"column":0},"end":{"line":249,"column":22}},"249":{"start":{"line":250,"column":0},"end":{"line":250,"column":8}},"250":{"start":{"line":251,"column":0},"end":{"line":251,"column":7}},"251":{"start":{"line":252,"column":0},"end":{"line":252,"column":34}},"252":{"start":{"line":253,"column":0},"end":{"line":253,"column":22}},"253":{"start":{"line":254,"column":0},"end":{"line":254,"column":26}},"254":{"start":{"line":255,"column":0},"end":{"line":255,"column":8}},"255":{"start":{"line":256,"column":0},"end":{"line":256,"column":7}},"256":{"start":{"line":257,"column":0},"end":{"line":257,"column":34}},"257":{"start":{"line":258,"column":0},"end":{"line":258,"column":25}},"258":{"start":{"line":259,"column":0},"end":{"line":259,"column":26}},"259":{"start":{"line":260,"column":0},"end":{"line":260,"column":8}},"260":{"start":{"line":261,"column":0},"end":{"line":261,"column":6}},"261":{"start":{"line":262,"column":0},"end":{"line":262,"column":28}},"262":{"start":{"line":263,"column":0},"end":{"line":263,"column":21}},"263":{"start":{"line":264,"column":0},"end":{"line":264,"column":4}},"264":{"start":{"line":265,"column":0},"end":{"line":265,"column":3}},"265":{"start":{"line":266,"column":0},"end":{"line":266,"column":13}},"266":{"start":{"line":267,"column":0},"end":{"line":267,"column":7}},"267":{"start":{"line":268,"column":0},"end":{"line":268,"column":31}},"268":{"start":{"line":269,"column":0},"end":{"line":269,"column":21}},"269":{"start":{"line":270,"column":0},"end":{"line":270,"column":23}},"270":{"start":{"line":271,"column":0},"end":{"line":271,"column":8}},"271":{"start":{"line":272,"column":0},"end":{"line":272,"column":6}},"272":{"start":{"line":273,"column":0},"end":{"line":273,"column":26}},"273":{"start":{"line":274,"column":0},"end":{"line":274,"column":14}},"274":{"start":{"line":275,"column":0},"end":{"line":275,"column":7}},"275":{"start":{"line":276,"column":0},"end":{"line":276,"column":29}},"276":{"start":{"line":277,"column":0},"end":{"line":277,"column":23}},"277":{"start":{"line":278,"column":0},"end":{"line":278,"column":21}},"278":{"start":{"line":279,"column":0},"end":{"line":279,"column":8}},"279":{"start":{"line":280,"column":0},"end":{"line":280,"column":7}},"280":{"start":{"line":281,"column":0},"end":{"line":281,"column":31}},"281":{"start":{"line":282,"column":0},"end":{"line":282,"column":25}},"282":{"start":{"line":283,"column":0},"end":{"line":283,"column":23}},"283":{"start":{"line":284,"column":0},"end":{"line":284,"column":8}},"284":{"start":{"line":285,"column":0},"end":{"line":285,"column":7}},"285":{"start":{"line":286,"column":0},"end":{"line":286,"column":32}},"286":{"start":{"line":287,"column":0},"end":{"line":287,"column":26}},"287":{"start":{"line":288,"column":0},"end":{"line":288,"column":24}},"288":{"start":{"line":289,"column":0},"end":{"line":289,"column":8}},"289":{"start":{"line":290,"column":0},"end":{"line":290,"column":6}},"290":{"start":{"line":291,"column":0},"end":{"line":291,"column":28}},"291":{"start":{"line":292,"column":0},"end":{"line":292,"column":21}},"292":{"start":{"line":293,"column":0},"end":{"line":293,"column":4}},"293":{"start":{"line":294,"column":0},"end":{"line":294,"column":3}},"294":{"start":{"line":295,"column":0},"end":{"line":295,"column":13}},"295":{"start":{"line":296,"column":0},"end":{"line":296,"column":7}},"296":{"start":{"line":297,"column":0},"end":{"line":297,"column":32}},"297":{"start":{"line":298,"column":0},"end":{"line":298,"column":22}},"298":{"start":{"line":299,"column":0},"end":{"line":299,"column":24}},"299":{"start":{"line":300,"column":0},"end":{"line":300,"column":8}},"300":{"start":{"line":301,"column":0},"end":{"line":301,"column":6}},"301":{"start":{"line":302,"column":0},"end":{"line":302,"column":34}},"302":{"start":{"line":303,"column":0},"end":{"line":303,"column":14}},"303":{"start":{"line":304,"column":0},"end":{"line":304,"column":7}},"304":{"start":{"line":305,"column":0},"end":{"line":305,"column":29}},"305":{"start":{"line":306,"column":0},"end":{"line":306,"column":23}},"306":{"start":{"line":307,"column":0},"end":{"line":307,"column":21}},"307":{"start":{"line":308,"column":0},"end":{"line":308,"column":8}},"308":{"start":{"line":309,"column":0},"end":{"line":309,"column":7}},"309":{"start":{"line":310,"column":0},"end":{"line":310,"column":31}},"310":{"start":{"line":311,"column":0},"end":{"line":311,"column":25}},"311":{"start":{"line":312,"column":0},"end":{"line":312,"column":23}},"312":{"start":{"line":313,"column":0},"end":{"line":313,"column":8}},"313":{"start":{"line":314,"column":0},"end":{"line":314,"column":7}},"314":{"start":{"line":315,"column":0},"end":{"line":315,"column":32}},"315":{"start":{"line":316,"column":0},"end":{"line":316,"column":26}},"316":{"start":{"line":317,"column":0},"end":{"line":317,"column":24}},"317":{"start":{"line":318,"column":0},"end":{"line":318,"column":8}},"318":{"start":{"line":319,"column":0},"end":{"line":319,"column":6}},"319":{"start":{"line":320,"column":0},"end":{"line":320,"column":28}},"320":{"start":{"line":321,"column":0},"end":{"line":321,"column":21}},"321":{"start":{"line":322,"column":0},"end":{"line":322,"column":4}},"322":{"start":{"line":323,"column":0},"end":{"line":323,"column":3}},"323":{"start":{"line":324,"column":0},"end":{"line":324,"column":13}},"324":{"start":{"line":325,"column":0},"end":{"line":325,"column":7}},"325":{"start":{"line":326,"column":0},"end":{"line":326,"column":31}},"326":{"start":{"line":327,"column":0},"end":{"line":327,"column":21}},"327":{"start":{"line":328,"column":0},"end":{"line":328,"column":23}},"328":{"start":{"line":329,"column":0},"end":{"line":329,"column":8}},"329":{"start":{"line":330,"column":0},"end":{"line":330,"column":6}},"330":{"start":{"line":331,"column":0},"end":{"line":331,"column":27}},"331":{"start":{"line":332,"column":0},"end":{"line":332,"column":14}},"332":{"start":{"line":333,"column":0},"end":{"line":333,"column":7}},"333":{"start":{"line":334,"column":0},"end":{"line":334,"column":33}},"334":{"start":{"line":335,"column":0},"end":{"line":335,"column":26}},"335":{"start":{"line":336,"column":0},"end":{"line":336,"column":25}},"336":{"start":{"line":337,"column":0},"end":{"line":337,"column":8}},"337":{"start":{"line":338,"column":0},"end":{"line":338,"column":6}},"338":{"start":{"line":339,"column":0},"end":{"line":339,"column":28}},"339":{"start":{"line":340,"column":0},"end":{"line":340,"column":21}},"340":{"start":{"line":341,"column":0},"end":{"line":341,"column":4}},"341":{"start":{"line":342,"column":0},"end":{"line":342,"column":3}},"342":{"start":{"line":343,"column":0},"end":{"line":343,"column":15}},"343":{"start":{"line":344,"column":0},"end":{"line":344,"column":21}},"344":{"start":{"line":345,"column":0},"end":{"line":345,"column":14}},"345":{"start":{"line":346,"column":0},"end":{"line":346,"column":7}},"346":{"start":{"line":347,"column":0},"end":{"line":347,"column":33}},"347":{"start":{"line":348,"column":0},"end":{"line":348,"column":27}},"348":{"start":{"line":349,"column":0},"end":{"line":349,"column":25}},"349":{"start":{"line":350,"column":0},"end":{"line":350,"column":8}},"350":{"start":{"line":351,"column":0},"end":{"line":351,"column":6}},"351":{"start":{"line":352,"column":0},"end":{"line":352,"column":28}},"352":{"start":{"line":353,"column":0},"end":{"line":353,"column":21}},"353":{"start":{"line":354,"column":0},"end":{"line":354,"column":4}},"354":{"start":{"line":355,"column":0},"end":{"line":355,"column":3}},"355":{"start":{"line":356,"column":0},"end":{"line":356,"column":13}},"356":{"start":{"line":357,"column":0},"end":{"line":357,"column":7}},"357":{"start":{"line":358,"column":0},"end":{"line":358,"column":32}},"358":{"start":{"line":359,"column":0},"end":{"line":359,"column":21}},"359":{"start":{"line":360,"column":0},"end":{"line":360,"column":24}},"360":{"start":{"line":361,"column":0},"end":{"line":361,"column":8}},"361":{"start":{"line":362,"column":0},"end":{"line":362,"column":6}},"362":{"start":{"line":363,"column":0},"end":{"line":363,"column":20}},"363":{"start":{"line":364,"column":0},"end":{"line":364,"column":14}},"364":{"start":{"line":365,"column":0},"end":{"line":365,"column":7}},"365":{"start":{"line":366,"column":0},"end":{"line":366,"column":29}},"366":{"start":{"line":367,"column":0},"end":{"line":367,"column":23}},"367":{"start":{"line":368,"column":0},"end":{"line":368,"column":21}},"368":{"start":{"line":369,"column":0},"end":{"line":369,"column":8}},"369":{"start":{"line":370,"column":0},"end":{"line":370,"column":7}},"370":{"start":{"line":371,"column":0},"end":{"line":371,"column":31}},"371":{"start":{"line":372,"column":0},"end":{"line":372,"column":25}},"372":{"start":{"line":373,"column":0},"end":{"line":373,"column":23}},"373":{"start":{"line":374,"column":0},"end":{"line":374,"column":8}},"374":{"start":{"line":375,"column":0},"end":{"line":375,"column":7}},"375":{"start":{"line":376,"column":0},"end":{"line":376,"column":31}},"376":{"start":{"line":377,"column":0},"end":{"line":377,"column":25}},"377":{"start":{"line":378,"column":0},"end":{"line":378,"column":23}},"378":{"start":{"line":379,"column":0},"end":{"line":379,"column":8}},"379":{"start":{"line":380,"column":0},"end":{"line":380,"column":7}},"380":{"start":{"line":381,"column":0},"end":{"line":381,"column":46}},"381":{"start":{"line":382,"column":0},"end":{"line":382,"column":21}},"382":{"start":{"line":383,"column":0},"end":{"line":383,"column":22}},"383":{"start":{"line":384,"column":0},"end":{"line":384,"column":8}},"384":{"start":{"line":385,"column":0},"end":{"line":385,"column":7}},"385":{"start":{"line":386,"column":0},"end":{"line":386,"column":46}},"386":{"start":{"line":387,"column":0},"end":{"line":387,"column":24}},"387":{"start":{"line":388,"column":0},"end":{"line":388,"column":22}},"388":{"start":{"line":389,"column":0},"end":{"line":389,"column":8}},"389":{"start":{"line":390,"column":0},"end":{"line":390,"column":7}},"390":{"start":{"line":391,"column":0},"end":{"line":391,"column":31}},"391":{"start":{"line":392,"column":0},"end":{"line":392,"column":21}},"392":{"start":{"line":393,"column":0},"end":{"line":393,"column":23}},"393":{"start":{"line":394,"column":0},"end":{"line":394,"column":8}},"394":{"start":{"line":395,"column":0},"end":{"line":395,"column":6}},"395":{"start":{"line":396,"column":0},"end":{"line":396,"column":28}},"396":{"start":{"line":397,"column":0},"end":{"line":397,"column":21}},"397":{"start":{"line":398,"column":0},"end":{"line":398,"column":4}},"398":{"start":{"line":399,"column":0},"end":{"line":399,"column":3}},"399":{"start":{"line":400,"column":0},"end":{"line":400,"column":13}},"400":{"start":{"line":401,"column":0},"end":{"line":401,"column":7}},"401":{"start":{"line":402,"column":0},"end":{"line":402,"column":31}},"402":{"start":{"line":403,"column":0},"end":{"line":403,"column":22}},"403":{"start":{"line":404,"column":0},"end":{"line":404,"column":23}},"404":{"start":{"line":405,"column":0},"end":{"line":405,"column":8}},"405":{"start":{"line":406,"column":0},"end":{"line":406,"column":6}},"406":{"start":{"line":407,"column":0},"end":{"line":407,"column":27}},"407":{"start":{"line":408,"column":0},"end":{"line":408,"column":14}},"408":{"start":{"line":409,"column":0},"end":{"line":409,"column":7}},"409":{"start":{"line":410,"column":0},"end":{"line":410,"column":32}},"410":{"start":{"line":411,"column":0},"end":{"line":411,"column":28}},"411":{"start":{"line":412,"column":0},"end":{"line":412,"column":24}},"412":{"start":{"line":413,"column":0},"end":{"line":413,"column":8}},"413":{"start":{"line":414,"column":0},"end":{"line":414,"column":6}},"414":{"start":{"line":415,"column":0},"end":{"line":415,"column":28}},"415":{"start":{"line":416,"column":0},"end":{"line":416,"column":21}},"416":{"start":{"line":417,"column":0},"end":{"line":417,"column":4}},"417":{"start":{"line":418,"column":0},"end":{"line":418,"column":3}},"418":{"start":{"line":419,"column":0},"end":{"line":419,"column":15}},"419":{"start":{"line":420,"column":0},"end":{"line":420,"column":26}},"420":{"start":{"line":421,"column":0},"end":{"line":421,"column":14}},"421":{"start":{"line":422,"column":0},"end":{"line":422,"column":7}},"422":{"start":{"line":423,"column":0},"end":{"line":423,"column":33}},"423":{"start":{"line":424,"column":0},"end":{"line":424,"column":26}},"424":{"start":{"line":425,"column":0},"end":{"line":425,"column":25}},"425":{"start":{"line":426,"column":0},"end":{"line":426,"column":8}},"426":{"start":{"line":427,"column":0},"end":{"line":427,"column":6}},"427":{"start":{"line":428,"column":0},"end":{"line":428,"column":28}},"428":{"start":{"line":429,"column":0},"end":{"line":429,"column":21}},"429":{"start":{"line":430,"column":0},"end":{"line":430,"column":4}},"430":{"start":{"line":431,"column":0},"end":{"line":431,"column":3}},"431":{"start":{"line":432,"column":0},"end":{"line":432,"column":13}},"432":{"start":{"line":433,"column":0},"end":{"line":433,"column":7}},"433":{"start":{"line":434,"column":0},"end":{"line":434,"column":32}},"434":{"start":{"line":435,"column":0},"end":{"line":435,"column":28}},"435":{"start":{"line":436,"column":0},"end":{"line":436,"column":24}},"436":{"start":{"line":437,"column":0},"end":{"line":437,"column":8}},"437":{"start":{"line":438,"column":0},"end":{"line":438,"column":6}},"438":{"start":{"line":439,"column":0},"end":{"line":439,"column":27}},"439":{"start":{"line":440,"column":0},"end":{"line":440,"column":14}},"440":{"start":{"line":441,"column":0},"end":{"line":441,"column":7}},"441":{"start":{"line":442,"column":0},"end":{"line":442,"column":29}},"442":{"start":{"line":443,"column":0},"end":{"line":443,"column":23}},"443":{"start":{"line":444,"column":0},"end":{"line":444,"column":21}},"444":{"start":{"line":445,"column":0},"end":{"line":445,"column":8}},"445":{"start":{"line":446,"column":0},"end":{"line":446,"column":7}},"446":{"start":{"line":447,"column":0},"end":{"line":447,"column":33}},"447":{"start":{"line":448,"column":0},"end":{"line":448,"column":26}},"448":{"start":{"line":449,"column":0},"end":{"line":449,"column":25}},"449":{"start":{"line":450,"column":0},"end":{"line":450,"column":8}},"450":{"start":{"line":451,"column":0},"end":{"line":451,"column":6}},"451":{"start":{"line":452,"column":0},"end":{"line":452,"column":28}},"452":{"start":{"line":453,"column":0},"end":{"line":453,"column":21}},"453":{"start":{"line":454,"column":0},"end":{"line":454,"column":4}},"454":{"start":{"line":455,"column":0},"end":{"line":455,"column":3}},"455":{"start":{"line":456,"column":0},"end":{"line":456,"column":13}},"456":{"start":{"line":457,"column":0},"end":{"line":457,"column":7}},"457":{"start":{"line":458,"column":0},"end":{"line":458,"column":46}},"458":{"start":{"line":459,"column":0},"end":{"line":459,"column":29}},"459":{"start":{"line":460,"column":0},"end":{"line":460,"column":22}},"460":{"start":{"line":461,"column":0},"end":{"line":461,"column":8}},"461":{"start":{"line":462,"column":0},"end":{"line":462,"column":7}},"462":{"start":{"line":463,"column":0},"end":{"line":463,"column":31}},"463":{"start":{"line":464,"column":0},"end":{"line":464,"column":29}},"464":{"start":{"line":465,"column":0},"end":{"line":465,"column":23}},"465":{"start":{"line":466,"column":0},"end":{"line":466,"column":8}},"466":{"start":{"line":467,"column":0},"end":{"line":467,"column":6}},"467":{"start":{"line":468,"column":0},"end":{"line":468,"column":30}},"468":{"start":{"line":469,"column":0},"end":{"line":469,"column":16}},"469":{"start":{"line":470,"column":0},"end":{"line":470,"column":34}},"470":{"start":{"line":471,"column":0},"end":{"line":471,"column":21}},"471":{"start":{"line":472,"column":0},"end":{"line":472,"column":4}},"472":{"start":{"line":473,"column":0},"end":{"line":473,"column":3}},"473":{"start":{"line":474,"column":0},"end":{"line":474,"column":13}},"474":{"start":{"line":475,"column":0},"end":{"line":475,"column":7}},"475":{"start":{"line":476,"column":0},"end":{"line":476,"column":32}},"476":{"start":{"line":477,"column":0},"end":{"line":477,"column":28}},"477":{"start":{"line":478,"column":0},"end":{"line":478,"column":24}},"478":{"start":{"line":479,"column":0},"end":{"line":479,"column":8}},"479":{"start":{"line":480,"column":0},"end":{"line":480,"column":6}},"480":{"start":{"line":481,"column":0},"end":{"line":481,"column":28}},"481":{"start":{"line":482,"column":0},"end":{"line":482,"column":16}},"482":{"start":{"line":483,"column":0},"end":{"line":483,"column":34}},"483":{"start":{"line":484,"column":0},"end":{"line":484,"column":21}},"484":{"start":{"line":485,"column":0},"end":{"line":485,"column":4}},"485":{"start":{"line":486,"column":0},"end":{"line":486,"column":3}},"486":{"start":{"line":487,"column":0},"end":{"line":487,"column":13}},"487":{"start":{"line":488,"column":0},"end":{"line":488,"column":7}},"488":{"start":{"line":489,"column":0},"end":{"line":489,"column":31}},"489":{"start":{"line":490,"column":0},"end":{"line":490,"column":21}},"490":{"start":{"line":491,"column":0},"end":{"line":491,"column":23}},"491":{"start":{"line":492,"column":0},"end":{"line":492,"column":8}},"492":{"start":{"line":493,"column":0},"end":{"line":493,"column":7}},"493":{"start":{"line":494,"column":0},"end":{"line":494,"column":31}},"494":{"start":{"line":495,"column":0},"end":{"line":495,"column":24}},"495":{"start":{"line":496,"column":0},"end":{"line":496,"column":23}},"496":{"start":{"line":497,"column":0},"end":{"line":497,"column":8}},"497":{"start":{"line":498,"column":0},"end":{"line":498,"column":7}},"498":{"start":{"line":499,"column":0},"end":{"line":499,"column":30}},"499":{"start":{"line":500,"column":0},"end":{"line":500,"column":21}},"500":{"start":{"line":501,"column":0},"end":{"line":501,"column":22}},"501":{"start":{"line":502,"column":0},"end":{"line":502,"column":8}},"502":{"start":{"line":503,"column":0},"end":{"line":503,"column":7}},"503":{"start":{"line":504,"column":0},"end":{"line":504,"column":31}},"504":{"start":{"line":505,"column":0},"end":{"line":505,"column":23}},"505":{"start":{"line":506,"column":0},"end":{"line":506,"column":23}},"506":{"start":{"line":507,"column":0},"end":{"line":507,"column":8}},"507":{"start":{"line":508,"column":0},"end":{"line":508,"column":6}},"508":{"start":{"line":509,"column":0},"end":{"line":509,"column":22}},"509":{"start":{"line":510,"column":0},"end":{"line":510,"column":16}},"510":{"start":{"line":511,"column":0},"end":{"line":511,"column":34}},"511":{"start":{"line":512,"column":0},"end":{"line":512,"column":21}},"512":{"start":{"line":513,"column":0},"end":{"line":513,"column":4}},"513":{"start":{"line":514,"column":0},"end":{"line":514,"column":3}},"514":{"start":{"line":515,"column":0},"end":{"line":515,"column":13}},"515":{"start":{"line":516,"column":0},"end":{"line":516,"column":7}},"516":{"start":{"line":517,"column":0},"end":{"line":517,"column":31}},"517":{"start":{"line":518,"column":0},"end":{"line":518,"column":21}},"518":{"start":{"line":519,"column":0},"end":{"line":519,"column":23}},"519":{"start":{"line":520,"column":0},"end":{"line":520,"column":8}},"520":{"start":{"line":521,"column":0},"end":{"line":521,"column":7}},"521":{"start":{"line":522,"column":0},"end":{"line":522,"column":32}},"522":{"start":{"line":523,"column":0},"end":{"line":523,"column":22}},"523":{"start":{"line":524,"column":0},"end":{"line":524,"column":24}},"524":{"start":{"line":525,"column":0},"end":{"line":525,"column":8}},"525":{"start":{"line":526,"column":0},"end":{"line":526,"column":6}},"526":{"start":{"line":527,"column":0},"end":{"line":527,"column":20}},"527":{"start":{"line":528,"column":0},"end":{"line":528,"column":16}},"528":{"start":{"line":529,"column":0},"end":{"line":529,"column":34}},"529":{"start":{"line":530,"column":0},"end":{"line":530,"column":21}},"530":{"start":{"line":531,"column":0},"end":{"line":531,"column":4}},"531":{"start":{"line":532,"column":0},"end":{"line":532,"column":3}},"532":{"start":{"line":533,"column":0},"end":{"line":533,"column":13}},"533":{"start":{"line":534,"column":0},"end":{"line":534,"column":7}},"534":{"start":{"line":535,"column":0},"end":{"line":535,"column":32}},"535":{"start":{"line":536,"column":0},"end":{"line":536,"column":21}},"536":{"start":{"line":537,"column":0},"end":{"line":537,"column":24}},"537":{"start":{"line":538,"column":0},"end":{"line":538,"column":8}},"538":{"start":{"line":539,"column":0},"end":{"line":539,"column":7}},"539":{"start":{"line":540,"column":0},"end":{"line":540,"column":31}},"540":{"start":{"line":541,"column":0},"end":{"line":541,"column":25}},"541":{"start":{"line":542,"column":0},"end":{"line":542,"column":23}},"542":{"start":{"line":543,"column":0},"end":{"line":543,"column":8}},"543":{"start":{"line":544,"column":0},"end":{"line":544,"column":7}},"544":{"start":{"line":545,"column":0},"end":{"line":545,"column":31}},"545":{"start":{"line":546,"column":0},"end":{"line":546,"column":25}},"546":{"start":{"line":547,"column":0},"end":{"line":547,"column":23}},"547":{"start":{"line":548,"column":0},"end":{"line":548,"column":8}},"548":{"start":{"line":549,"column":0},"end":{"line":549,"column":7}},"549":{"start":{"line":550,"column":0},"end":{"line":550,"column":32}},"550":{"start":{"line":551,"column":0},"end":{"line":551,"column":27}},"551":{"start":{"line":552,"column":0},"end":{"line":552,"column":24}},"552":{"start":{"line":553,"column":0},"end":{"line":553,"column":8}},"553":{"start":{"line":554,"column":0},"end":{"line":554,"column":6}},"554":{"start":{"line":555,"column":0},"end":{"line":555,"column":20}},"555":{"start":{"line":556,"column":0},"end":{"line":556,"column":16}},"556":{"start":{"line":557,"column":0},"end":{"line":557,"column":34}},"557":{"start":{"line":558,"column":0},"end":{"line":558,"column":21}},"558":{"start":{"line":559,"column":0},"end":{"line":559,"column":4}},"559":{"start":{"line":560,"column":0},"end":{"line":560,"column":3}},"560":{"start":{"line":561,"column":0},"end":{"line":561,"column":13}},"561":{"start":{"line":562,"column":0},"end":{"line":562,"column":7}},"562":{"start":{"line":563,"column":0},"end":{"line":563,"column":31}},"563":{"start":{"line":564,"column":0},"end":{"line":564,"column":23}},"564":{"start":{"line":565,"column":0},"end":{"line":565,"column":23}},"565":{"start":{"line":566,"column":0},"end":{"line":566,"column":8}},"566":{"start":{"line":567,"column":0},"end":{"line":567,"column":7}},"567":{"start":{"line":568,"column":0},"end":{"line":568,"column":29}},"568":{"start":{"line":569,"column":0},"end":{"line":569,"column":25}},"569":{"start":{"line":570,"column":0},"end":{"line":570,"column":21}},"570":{"start":{"line":571,"column":0},"end":{"line":571,"column":8}},"571":{"start":{"line":572,"column":0},"end":{"line":572,"column":6}},"572":{"start":{"line":573,"column":0},"end":{"line":573,"column":23}},"573":{"start":{"line":574,"column":0},"end":{"line":574,"column":16}},"574":{"start":{"line":575,"column":0},"end":{"line":575,"column":34}},"575":{"start":{"line":576,"column":0},"end":{"line":576,"column":21}},"576":{"start":{"line":577,"column":0},"end":{"line":577,"column":4}},"577":{"start":{"line":578,"column":0},"end":{"line":578,"column":2}}},"s":{"0":1,"1":1,"2":1,"3":1,"4":1,"5":1,"6":1,"7":1,"8":1,"9":1,"10":1,"11":1,"12":1,"13":1,"14":1,"15":1,"16":1,"17":1,"18":1,"19":1,"20":1,"21":1,"22":1,"23":1,"24":1,"25":1,"26":1,"27":1,"28":1,"29":1,"30":1,"31":1,"32":1,"33":1,"34":1,"35":1,"36":1,"37":1,"38":1,"39":1,"40":1,"41":1,"42":1,"43":1,"44":1,"45":1,"46":1,"47":1,"48":1,"49":1,"50":1,"51":1,"52":1,"53":1,"54":1,"55":1,"56":1,"57":1,"58":1,"59":1,"60":1,"61":1,"62":1,"63":1,"64":1,"65":1,"66":1,"67":1,"68":1,"69":1,"70":1,"71":1,"72":1,"73":1,"74":1,"75":1,"76":1,"77":1,"78":1,"79":1,"80":1,"81":1,"82":1,"83":1,"84":1,"85":1,"86":1,"87":1,"88":1,"89":1,"90":1,"91":1,"92":1,"93":1,"94":1,"95":1,"96":1,"97":1,"98":1,"99":1,"100":1,"101":1,"102":1,"103":1,"104":1,"105":1,"106":1,"107":1,"108":1,"109":1,"110":1,"111":1,"112":1,"113":1,"114":1,"115":1,"116":1,"117":1,"118":1,"119":1,"120":1,"121":1,"122":1,"123":1,"124":1,"125":1,"126":1,"127":1,"128":1,"129":1,"130":1,"131":1,"132":1,"133":1,"134":1,"135":1,"136":1,"137":1,"138":1,"139":1,"140":1,"141":1,"142":1,"143":1,"144":1,"145":1,"146":1,"147":1,"148":1,"149":1,"150":1,"151":1,"152":1,"153":1,"154":1,"155":1,"156":1,"157":1,"158":1,"159":1,"160":1,"161":1,"162":1,"163":1,"164":1,"165":1,"166":1,"167":1,"168":1,"169":1,"170":1,"171":1,"172":1,"173":1,"174":1,"175":1,"176":1,"177":1,"178":1,"179":1,"180":1,"181":1,"182":1,"183":1,"184":1,"185":1,"186":1,"187":1,"188":1,"189":1,"190":1,"191":1,"192":1,"193":1,"194":1,"195":1,"196":1,"197":1,"198":1,"199":1,"200":1,"201":1,"202":1,"203":1,"204":1,"205":1,"206":1,"207":1,"208":1,"209":1,"210":1,"211":1,"212":1,"213":1,"214":1,"215":1,"216":1,"217":1,"218":1,"219":1,"220":1,"221":1,"222":1,"223":1,"224":1,"225":1,"226":1,"227":1,"228":1,"229":1,"230":1,"231":1,"232":1,"233":1,"234":1,"235":1,"236":1,"237":1,"238":1,"239":1,"240":1,"241":1,"242":1,"243":1,"244":1,"245":1,"246":1,"247":1,"248":1,"249":1,"250":1,"251":1,"252":1,"253":1,"254":1,"255":1,"256":1,"257":1,"258":1,"259":1,"260":1,"261":1,"262":1,"263":1,"264":1,"265":1,"266":1,"267":1,"268":1,"269":1,"270":1,"271":1,"272":1,"273":1,"274":1,"275":1,"276":1,"277":1,"278":1,"279":1,"280":1,"281":1,"282":1,"283":1,"284":1,"285":1,"286":1,"287":1,"288":1,"289":1,"290":1,"291":1,"292":1,"293":1,"294":1,"295":1,"296":1,"297":1,"298":1,"299":1,"300":1,"301":1,"302":1,"303":1,"304":1,"305":1,"306":1,"307":1,"308":1,"309":1,"310":1,"311":1,"312":1,"313":1,"314":1,"315":1,"316":1,"317":1,"318":1,"319":1,"320":1,"321":1,"322":1,"323":1,"324":1,"325":1,"326":1,"327":1,"328":1,"329":1,"330":1,"331":1,"332":1,"333":1,"334":1,"335":1,"336":1,"337":1,"338":1,"339":1,"340":1,"341":1,"342":1,"343":1,"344":1,"345":1,"346":1,"347":1,"348":1,"349":1,"350":1,"351":1,"352":1,"353":1,"354":1,"355":1,"356":1,"357":1,"358":1,"359":1,"360":1,"361":1,"362":1,"363":1,"364":1,"365":1,"366":1,"367":1,"368":1,"369":1,"370":1,"371":1,"372":1,"373":1,"374":1,"375":1,"376":1,"377":1,"378":1,"379":1,"380":1,"381":1,"382":1,"383":1,"384":1,"385":1,"386":1,"387":1,"388":1,"389":1,"390":1,"391":1,"392":1,"393":1,"394":1,"395":1,"396":1,"397":1,"398":1,"399":1,"400":1,"401":1,"402":1,"403":1,"404":1,"405":1,"406":1,"407":1,"408":1,"409":1,"410":1,"411":1,"412":1,"413":1,"414":1,"415":1,"416":1,"417":1,"418":1,"419":1,"420":1,"421":1,"422":1,"423":1,"424":1,"425":1,"426":1,"427":1,"428":1,"429":1,"430":1,"431":1,"432":1,"433":1,"434":1,"435":1,"436":1,"437":1,"438":1,"439":1,"440":1,"441":1,"442":1,"443":1,"444":1,"445":1,"446":1,"447":1,"448":1,"449":1,"450":1,"451":1,"452":1,"453":1,"454":1,"455":1,"456":1,"457":1,"458":1,"459":1,"460":1,"461":1,"462":1,"463":1,"464":1,"465":1,"466":1,"467":1,"468":1,"469":1,"470":1,"471":1,"472":1,"473":1,"474":1,"475":1,"476":1,"477":1,"478":1,"479":1,"480":1,"481":1,"482":1,"483":1,"484":1,"485":1,"486":1,"487":1,"488":1,"489":1,"490":1,"491":1,"492":1,"493":1,"494":1,"495":1,"496":1,"497":1,"498":1,"499":1,"500":1,"501":1,"502":1,"503":1,"504":1,"505":1,"506":1,"507":1,"508":1,"509":1,"510":1,"511":1,"512":1,"513":1,"514":1,"515":1,"516":1,"517":1,"518":1,"519":1,"520":1,"521":1,"522":1,"523":1,"524":1,"525":1,"526":1,"527":1,"528":1,"529":1,"530":1,"531":1,"532":1,"533":1,"534":1,"535":1,"536":1,"537":1,"538":1,"539":1,"540":1,"541":1,"542":1,"543":1,"544":1,"545":1,"546":1,"547":1,"548":1,"549":1,"550":1,"551":1,"552":1,"553":1,"554":1,"555":1,"556":1,"557":1,"558":1,"559":1,"560":1,"561":1,"562":1,"563":1,"564":1,"565":1,"566":1,"567":1,"568":1,"569":1,"570":1,"571":1,"572":1,"573":1,"574":1,"575":1,"576":1,"577":1},"branchMap":{},"b":{},"fnMap":{},"f":{}}
,"C:\\Users\\deris\\Documents\\Projects\\ws-ethereum\\src\\api\\src\\contract\\config.js": {"path":"C:\\Users\\deris\\Documents\\Projects\\ws-ethereum\\src\\api\\src\\contract\\config.js","all":false,"statementMap":{"0":{"start":{"line":1,"column":0},"end":{"line":1,"column":29}},"1":{"start":{"line":2,"column":0},"end":{"line":2,"column":0}},"2":{"start":{"line":3,"column":0},"end":{"line":3,"column":18}},"3":{"start":{"line":4,"column":0},"end":{"line":4,"column":64}},"4":{"start":{"line":5,"column":0},"end":{"line":5,"column":11}},"5":{"start":{"line":6,"column":0},"end":{"line":6,"column":2}}},"s":{"0":1,"1":1,"2":1,"3":1,"4":1,"5":1},"branchMap":{},"b":{},"fnMap":{},"f":{}}
,"C:\\Users\\deris\\Documents\\Projects\\ws-ethereum\\src\\api\\src\\contract\\index.js": {"path":"C:\\Users\\deris\\Documents\\Projects\\ws-ethereum\\src\\api\\src\\contract\\index.js","all":false,"statementMap":{"0":{"start":{"line":1,"column":0},"end":{"line":1,"column":29}},"1":{"start":{"line":2,"column":0},"end":{"line":2,"column":53}},"2":{"start":{"line":3,"column":0},"end":{"line":3,"column":0}},"3":{"start":{"line":4,"column":0},"end":{"line":4,"column":20}},"4":{"start":{"line":5,"column":0},"end":{"line":5,"column":29}},"5":{"start":{"line":6,"column":0},"end":{"line":6,"column":39}},"6":{"start":{"line":7,"column":0},"end":{"line":7,"column":69}},"7":{"start":{"line":8,"column":0},"end":{"line":8,"column":0}},"8":{"start":{"line":9,"column":0},"end":{"line":9,"column":28}},"9":{"start":{"line":10,"column":0},"end":{"line":10,"column":3}},"10":{"start":{"line":11,"column":0},"end":{"line":11,"column":0}},"11":{"start":{"line":12,"column":0},"end":{"line":12,"column":23}},"12":{"start":{"line":13,"column":0},"end":{"line":13,"column":31}},"13":{"start":{"line":14,"column":0},"end":{"line":14,"column":3}},"14":{"start":{"line":15,"column":0},"end":{"line":15,"column":1}},"15":{"start":{"line":16,"column":0},"end":{"line":16,"column":0}},"16":{"start":{"line":17,"column":0},"end":{"line":17,"column":34}}},"s":{"0":1,"1":1,"2":1,"3":1,"4":1,"5":4,"6":4,"7":4,"8":4,"9":4,"10":1,"11":1,"12":0,"13":0,"14":1,"15":1,"16":1},"branchMap":{"0":{"type":"branch","line":5,"loc":{"start":{"line":5,"column":2},"end":{"line":10,"column":3}},"locations":[{"start":{"line":5,"column":2},"end":{"line":10,"column":3}}]}},"b":{"0":[4]},"fnMap":{"0":{"name":"Web3Contract","decl":{"start":{"line":5,"column":2},"end":{"line":10,"column":3}},"loc":{"start":{"line":5,"column":2},"end":{"line":10,"column":3}},"line":5},"1":{"name":"changeUser","decl":{"start":{"line":12,"column":2},"end":{"line":14,"column":3}},"loc":{"start":{"line":12,"column":2},"end":{"line":14,"column":3}},"line":12}},"f":{"0":4,"1":0}}
,"C:\\Users\\deris\\Documents\\Projects\\ws-ethereum\\src\\api\\src\\modules\\base\\entity.base.js": {"path":"C:\\Users\\deris\\Documents\\Projects\\ws-ethereum\\src\\api\\src\\modules\\base\\entity.base.js","all":false,"statementMap":{"0":{"start":{"line":1,"column":0},"end":{"line":1,"column":18}},"1":{"start":{"line":2,"column":0},"end":{"line":2,"column":21}},"2":{"start":{"line":3,"column":0},"end":{"line":3,"column":21}},"3":{"start":{"line":4,"column":0},"end":{"line":4,"column":34}},"4":{"start":{"line":5,"column":0},"end":{"line":5,"column":3}},"5":{"start":{"line":6,"column":0},"end":{"line":6,"column":13}},"6":{"start":{"line":7,"column":0},"end":{"line":7,"column":16}},"7":{"start":{"line":8,"column":0},"end":{"line":8,"column":1}},"8":{"start":{"line":9,"column":0},"end":{"line":9,"column":0}},"9":{"start":{"line":10,"column":0},"end":{"line":10,"column":32}}},"s":{"0":1,"1":1,"2":1,"3":1,"4":1,"5":1,"6":1,"7":1,"8":1,"9":1},"branchMap":{"0":{"type":"branch","line":2,"loc":{"start":{"line":2,"column":2},"end":{"line":5,"column":3}},"locations":[{"start":{"line":2,"column":2},"end":{"line":5,"column":3}}]}},"b":{"0":[1]},"fnMap":{"0":{"name":"BaseEntity","decl":{"start":{"line":2,"column":2},"end":{"line":5,"column":3}},"loc":{"start":{"line":2,"column":2},"end":{"line":5,"column":3}},"line":2},"1":{"name":"isNull","decl":{"start":{"line":6,"column":2},"end":{"line":6,"column":13}},"loc":{"start":{"line":6,"column":2},"end":{"line":6,"column":13}},"line":6},"2":{"name":"_initData","decl":{"start":{"line":7,"column":2},"end":{"line":7,"column":16}},"loc":{"start":{"line":7,"column":2},"end":{"line":7,"column":16}},"line":7}},"f":{"0":1,"1":0,"2":0}}
,"C:\\Users\\deris\\Documents\\Projects\\ws-ethereum\\src\\api\\src\\modules\\base\\module.base.js": {"path":"C:\\Users\\deris\\Documents\\Projects\\ws-ethereum\\src\\api\\src\\modules\\base\\module.base.js","all":false,"statementMap":{"0":{"start":{"line":1,"column":0},"end":{"line":1,"column":18}},"1":{"start":{"line":2,"column":0},"end":{"line":2,"column":21}},"2":{"start":{"line":3,"column":0},"end":{"line":3,"column":21}},"3":{"start":{"line":4,"column":0},"end":{"line":4,"column":34}},"4":{"start":{"line":5,"column":0},"end":{"line":5,"column":3}},"5":{"start":{"line":6,"column":0},"end":{"line":6,"column":1}},"6":{"start":{"line":7,"column":0},"end":{"line":7,"column":0}},"7":{"start":{"line":8,"column":0},"end":{"line":8,"column":32}}},"s":{"0":1,"1":1,"2":12,"3":12,"4":12,"5":1,"6":1,"7":1},"branchMap":{"0":{"type":"branch","line":2,"loc":{"start":{"line":2,"column":2},"end":{"line":5,"column":3}},"locations":[{"start":{"line":2,"column":2},"end":{"line":5,"column":3}}]}},"b":{"0":[12]},"fnMap":{"0":{"name":"BaseModule","decl":{"start":{"line":2,"column":2},"end":{"line":5,"column":3}},"loc":{"start":{"line":2,"column":2},"end":{"line":5,"column":3}},"line":2}},"f":{"0":12}}
,"C:\\Users\\deris\\Documents\\Projects\\ws-ethereum\\src\\api\\src\\modules\\reviews\\review.class.js": {"path":"C:\\Users\\deris\\Documents\\Projects\\ws-ethereum\\src\\api\\src\\modules\\reviews\\review.class.js","all":false,"statementMap":{"0":{"start":{"line":1,"column":0},"end":{"line":1,"column":54}},"1":{"start":{"line":2,"column":0},"end":{"line":2,"column":0}},"2":{"start":{"line":3,"column":0},"end":{"line":3,"column":33}},"3":{"start":{"line":4,"column":0},"end":{"line":4,"column":25}},"4":{"start":{"line":5,"column":0},"end":{"line":5,"column":16}},"5":{"start":{"line":6,"column":0},"end":{"line":6,"column":17}},"6":{"start":{"line":7,"column":0},"end":{"line":7,"column":0}},"7":{"start":{"line":8,"column":0},"end":{"line":8,"column":25}},"8":{"start":{"line":9,"column":0},"end":{"line":9,"column":29}},"9":{"start":{"line":10,"column":0},"end":{"line":10,"column":17}},"10":{"start":{"line":11,"column":0},"end":{"line":11,"column":8}},"11":{"start":{"line":12,"column":0},"end":{"line":12,"column":3}},"12":{"start":{"line":13,"column":0},"end":{"line":13,"column":0}},"13":{"start":{"line":14,"column":0},"end":{"line":14,"column":12}},"14":{"start":{"line":15,"column":0},"end":{"line":15,"column":29}},"15":{"start":{"line":16,"column":0},"end":{"line":16,"column":3}},"16":{"start":{"line":17,"column":0},"end":{"line":17,"column":0}},"17":{"start":{"line":18,"column":0},"end":{"line":18,"column":21}},"18":{"start":{"line":19,"column":0},"end":{"line":19,"column":70}},"19":{"start":{"line":20,"column":0},"end":{"line":20,"column":3}},"20":{"start":{"line":21,"column":0},"end":{"line":21,"column":1}},"21":{"start":{"line":22,"column":0},"end":{"line":22,"column":0}},"22":{"start":{"line":23,"column":0},"end":{"line":23,"column":28}}},"s":{"0":1,"1":1,"2":1,"3":1,"4":0,"5":0,"6":0,"7":0,"8":0,"9":0,"10":0,"11":0,"12":1,"13":1,"14":0,"15":0,"16":1,"17":1,"18":0,"19":0,"20":1,"21":1,"22":1},"branchMap":{},"b":{},"fnMap":{"0":{"name":"Review","decl":{"start":{"line":4,"column":2},"end":{"line":12,"column":3}},"loc":{"start":{"line":4,"column":2},"end":{"line":12,"column":3}},"line":4},"1":{"name":"isNull","decl":{"start":{"line":14,"column":2},"end":{"line":16,"column":3}},"loc":{"start":{"line":14,"column":2},"end":{"line":16,"column":3}},"line":14},"2":{"name":"_initData","decl":{"start":{"line":18,"column":17},"end":{"line":20,"column":3}},"loc":{"start":{"line":18,"column":17},"end":{"line":20,"column":3}},"line":18}},"f":{"0":0,"1":0,"2":0}}
,"C:\\Users\\deris\\Documents\\Projects\\ws-ethereum\\src\\api\\src\\modules\\reviews\\reviews.module.js": {"path":"C:\\Users\\deris\\Documents\\Projects\\ws-ethereum\\src\\api\\src\\modules\\reviews\\reviews.module.js","all":false,"statementMap":{"0":{"start":{"line":1,"column":0},"end":{"line":1,"column":54}},"1":{"start":{"line":2,"column":0},"end":{"line":2,"column":45}},"2":{"start":{"line":3,"column":0},"end":{"line":3,"column":0}},"3":{"start":{"line":4,"column":0},"end":{"line":4,"column":40}},"4":{"start":{"line":5,"column":0},"end":{"line":5,"column":21}},"5":{"start":{"line":6,"column":0},"end":{"line":6,"column":16}},"6":{"start":{"line":7,"column":0},"end":{"line":7,"column":3}},"7":{"start":{"line":8,"column":0},"end":{"line":8,"column":0}},"8":{"start":{"line":9,"column":0},"end":{"line":9,"column":42}},"9":{"start":{"line":10,"column":0},"end":{"line":10,"column":119}},"10":{"start":{"line":11,"column":0},"end":{"line":11,"column":91}},"11":{"start":{"line":12,"column":0},"end":{"line":12,"column":42}},"12":{"start":{"line":13,"column":0},"end":{"line":13,"column":3}},"13":{"start":{"line":14,"column":0},"end":{"line":14,"column":0}},"14":{"start":{"line":15,"column":0},"end":{"line":15,"column":42}},"15":{"start":{"line":16,"column":0},"end":{"line":16,"column":122}},"16":{"start":{"line":17,"column":0},"end":{"line":17,"column":91}},"17":{"start":{"line":18,"column":0},"end":{"line":18,"column":42}},"18":{"start":{"line":19,"column":0},"end":{"line":19,"column":3}},"19":{"start":{"line":20,"column":0},"end":{"line":20,"column":0}},"20":{"start":{"line":21,"column":0},"end":{"line":21,"column":17}},"21":{"start":{"line":22,"column":0},"end":{"line":22,"column":52}},"22":{"start":{"line":23,"column":0},"end":{"line":23,"column":3}},"23":{"start":{"line":24,"column":0},"end":{"line":24,"column":0}},"24":{"start":{"line":25,"column":0},"end":{"line":25,"column":32}},"25":{"start":{"line":26,"column":0},"end":{"line":26,"column":67}},"26":{"start":{"line":27,"column":0},"end":{"line":27,"column":3}},"27":{"start":{"line":28,"column":0},"end":{"line":28,"column":0}},"28":{"start":{"line":29,"column":0},"end":{"line":29,"column":39}},"29":{"start":{"line":30,"column":0},"end":{"line":30,"column":74}},"30":{"start":{"line":31,"column":0},"end":{"line":31,"column":3}},"31":{"start":{"line":32,"column":0},"end":{"line":32,"column":1}},"32":{"start":{"line":33,"column":0},"end":{"line":33,"column":0}},"33":{"start":{"line":34,"column":0},"end":{"line":34,"column":35}}},"s":{"0":1,"1":1,"2":1,"3":1,"4":1,"5":4,"6":4,"7":1,"8":1,"9":0,"10":0,"11":0,"12":0,"13":1,"14":1,"15":0,"16":0,"17":0,"18":0,"19":1,"20":1,"21":0,"22":0,"23":1,"24":1,"25":0,"26":0,"27":1,"28":1,"29":0,"30":0,"31":1,"32":1,"33":1},"branchMap":{"0":{"type":"branch","line":5,"loc":{"start":{"line":5,"column":2},"end":{"line":7,"column":3}},"locations":[{"start":{"line":5,"column":2},"end":{"line":7,"column":3}}]}},"b":{"0":[4]},"fnMap":{"0":{"name":"ReviewsModule","decl":{"start":{"line":5,"column":2},"end":{"line":7,"column":3}},"loc":{"start":{"line":5,"column":2},"end":{"line":7,"column":3}},"line":5},"1":{"name":"newReview","decl":{"start":{"line":9,"column":17},"end":{"line":13,"column":3}},"loc":{"start":{"line":9,"column":17},"end":{"line":13,"column":3}},"line":9},"2":{"name":"newAnswer","decl":{"start":{"line":15,"column":17},"end":{"line":19,"column":3}},"loc":{"start":{"line":15,"column":17},"end":{"line":19,"column":3}},"line":15},"3":{"name":"getReview","decl":{"start":{"line":21,"column":2},"end":{"line":23,"column":3}},"loc":{"start":{"line":21,"column":2},"end":{"line":23,"column":3}},"line":21},"4":{"name":"getShopReviewIds","decl":{"start":{"line":25,"column":24},"end":{"line":27,"column":3}},"loc":{"start":{"line":25,"column":24},"end":{"line":27,"column":3}},"line":25},"5":{"name":"getUserReviewIds","decl":{"start":{"line":29,"column":24},"end":{"line":31,"column":3}},"loc":{"start":{"line":29,"column":24},"end":{"line":31,"column":3}},"line":29}},"f":{"0":4,"1":0,"2":0,"3":0,"4":0,"5":0}}
,"C:\\Users\\deris\\Documents\\Projects\\ws-ethereum\\src\\api\\src\\modules\\shops\\shop.class.js": {"path":"C:\\Users\\deris\\Documents\\Projects\\ws-ethereum\\src\\api\\src\\modules\\shops\\shop.class.js","all":false,"statementMap":{"0":{"start":{"line":1,"column":0},"end":{"line":1,"column":54}},"1":{"start":{"line":2,"column":0},"end":{"line":2,"column":0}},"2":{"start":{"line":3,"column":0},"end":{"line":3,"column":31}},"3":{"start":{"line":4,"column":0},"end":{"line":4,"column":27}},"4":{"start":{"line":5,"column":0},"end":{"line":5,"column":16}},"5":{"start":{"line":6,"column":0},"end":{"line":6,"column":21}},"6":{"start":{"line":7,"column":0},"end":{"line":7,"column":0}},"7":{"start":{"line":8,"column":0},"end":{"line":8,"column":25}},"8":{"start":{"line":9,"column":0},"end":{"line":9,"column":29}},"9":{"start":{"line":10,"column":0},"end":{"line":10,"column":17}},"10":{"start":{"line":11,"column":0},"end":{"line":11,"column":8}},"11":{"start":{"line":12,"column":0},"end":{"line":12,"column":3}},"12":{"start":{"line":13,"column":0},"end":{"line":13,"column":0}},"13":{"start":{"line":14,"column":0},"end":{"line":14,"column":12}},"14":{"start":{"line":15,"column":0},"end":{"line":15,"column":29}},"15":{"start":{"line":16,"column":0},"end":{"line":16,"column":3}},"16":{"start":{"line":17,"column":0},"end":{"line":17,"column":0}},"17":{"start":{"line":18,"column":0},"end":{"line":18,"column":21}},"18":{"start":{"line":19,"column":0},"end":{"line":19,"column":76}},"19":{"start":{"line":20,"column":0},"end":{"line":20,"column":3}},"20":{"start":{"line":21,"column":0},"end":{"line":21,"column":1}},"21":{"start":{"line":22,"column":0},"end":{"line":22,"column":0}},"22":{"start":{"line":23,"column":0},"end":{"line":23,"column":26}}},"s":{"0":1,"1":1,"2":1,"3":1,"4":1,"5":1,"6":1,"7":1,"8":1,"9":0,"10":0,"11":0,"12":1,"13":1,"14":0,"15":0,"16":1,"17":1,"18":1,"19":0,"20":1,"21":1,"22":1},"branchMap":{"0":{"type":"branch","line":4,"loc":{"start":{"line":4,"column":2},"end":{"line":12,"column":3}},"locations":[{"start":{"line":4,"column":2},"end":{"line":12,"column":3}}]},"1":{"type":"branch","line":11,"loc":{"start":{"line":11,"column":5},"end":{"line":12,"column":3}},"locations":[{"start":{"line":11,"column":5},"end":{"line":12,"column":3}}]},"2":{"type":"branch","line":8,"loc":{"start":{"line":8,"column":12},"end":{"line":11,"column":8}},"locations":[{"start":{"line":8,"column":12},"end":{"line":11,"column":8}}]},"3":{"type":"branch","line":9,"loc":{"start":{"line":9,"column":6},"end":{"line":11,"column":8}},"locations":[{"start":{"line":9,"column":6},"end":{"line":11,"column":8}}]},"4":{"type":"branch","line":18,"loc":{"start":{"line":18,"column":17},"end":{"line":20,"column":3}},"locations":[{"start":{"line":18,"column":17},"end":{"line":20,"column":3}}]},"5":{"type":"branch","line":19,"loc":{"start":{"line":19,"column":4},"end":{"line":20,"column":3}},"locations":[{"start":{"line":19,"column":4},"end":{"line":20,"column":3}}]}},"b":{"0":[1],"1":[0],"2":[1],"3":[0],"4":[1],"5":[0]},"fnMap":{"0":{"name":"Shop","decl":{"start":{"line":4,"column":2},"end":{"line":12,"column":3}},"loc":{"start":{"line":4,"column":2},"end":{"line":12,"column":3}},"line":4},"1":{"name":"isNull","decl":{"start":{"line":14,"column":2},"end":{"line":16,"column":3}},"loc":{"start":{"line":14,"column":2},"end":{"line":16,"column":3}},"line":14},"2":{"name":"_initData","decl":{"start":{"line":18,"column":17},"end":{"line":20,"column":3}},"loc":{"start":{"line":18,"column":17},"end":{"line":20,"column":3}},"line":18}},"f":{"0":1,"1":0,"2":1}}
,"C:\\Users\\deris\\Documents\\Projects\\ws-ethereum\\src\\api\\src\\modules\\shops\\shops.module.js": {"path":"C:\\Users\\deris\\Documents\\Projects\\ws-ethereum\\src\\api\\src\\modules\\shops\\shops.module.js","all":false,"statementMap":{"0":{"start":{"line":1,"column":0},"end":{"line":1,"column":54}},"1":{"start":{"line":2,"column":0},"end":{"line":2,"column":63}},"2":{"start":{"line":3,"column":0},"end":{"line":3,"column":41}},"3":{"start":{"line":4,"column":0},"end":{"line":4,"column":0}},"4":{"start":{"line":5,"column":0},"end":{"line":5,"column":3}},"5":{"start":{"line":6,"column":0},"end":{"line":6,"column":8}},"6":{"start":{"line":7,"column":0},"end":{"line":7,"column":14}},"7":{"start":{"line":8,"column":0},"end":{"line":8,"column":17}},"8":{"start":{"line":9,"column":0},"end":{"line":9,"column":3}},"9":{"start":{"line":10,"column":0},"end":{"line":10,"column":0}},"10":{"start":{"line":11,"column":0},"end":{"line":11,"column":38}},"11":{"start":{"line":12,"column":0},"end":{"line":12,"column":21}},"12":{"start":{"line":13,"column":0},"end":{"line":13,"column":16}},"13":{"start":{"line":14,"column":0},"end":{"line":14,"column":3}},"14":{"start":{"line":15,"column":0},"end":{"line":15,"column":0}},"15":{"start":{"line":16,"column":0},"end":{"line":16,"column":17}},"16":{"start":{"line":17,"column":0},"end":{"line":17,"column":37}},"17":{"start":{"line":18,"column":0},"end":{"line":18,"column":3}},"18":{"start":{"line":19,"column":0},"end":{"line":19,"column":0}},"19":{"start":{"line":20,"column":0},"end":{"line":20,"column":25}},"20":{"start":{"line":21,"column":0},"end":{"line":21,"column":57}},"21":{"start":{"line":22,"column":0},"end":{"line":22,"column":3}},"22":{"start":{"line":23,"column":0},"end":{"line":23,"column":1}},"23":{"start":{"line":24,"column":0},"end":{"line":24,"column":0}},"24":{"start":{"line":25,"column":0},"end":{"line":25,"column":33}}},"s":{"0":1,"1":1,"2":1,"3":1,"4":1,"5":1,"6":1,"7":1,"8":1,"9":1,"10":1,"11":1,"12":4,"13":4,"14":1,"15":1,"16":1,"17":1,"18":1,"19":1,"20":1,"21":1,"22":1,"23":1,"24":1},"branchMap":{"0":{"type":"branch","line":12,"loc":{"start":{"line":12,"column":2},"end":{"line":14,"column":3}},"locations":[{"start":{"line":12,"column":2},"end":{"line":14,"column":3}}]},"1":{"type":"branch","line":16,"loc":{"start":{"line":16,"column":2},"end":{"line":18,"column":3}},"locations":[{"start":{"line":16,"column":2},"end":{"line":18,"column":3}}]},"2":{"type":"branch","line":20,"loc":{"start":{"line":20,"column":21},"end":{"line":22,"column":3}},"locations":[{"start":{"line":20,"column":21},"end":{"line":22,"column":3}}]}},"b":{"0":[4],"1":[1],"2":[1]},"fnMap":{"0":{"name":"ShopsModule","decl":{"start":{"line":12,"column":2},"end":{"line":14,"column":3}},"loc":{"start":{"line":12,"column":2},"end":{"line":14,"column":3}},"line":12},"1":{"name":"getShop","decl":{"start":{"line":16,"column":2},"end":{"line":18,"column":3}},"loc":{"start":{"line":16,"column":2},"end":{"line":18,"column":3}},"line":16},"2":{"name":"getShopCities","decl":{"start":{"line":20,"column":21},"end":{"line":22,"column":3}},"loc":{"start":{"line":20,"column":21},"end":{"line":22,"column":3}},"line":20}},"f":{"0":4,"1":1,"2":1}}
,"C:\\Users\\deris\\Documents\\Projects\\ws-ethereum\\src\\api\\src\\modules\\users\\user.class.js": {"path":"C:\\Users\\deris\\Documents\\Projects\\ws-ethereum\\src\\api\\src\\modules\\users\\user.class.js","all":false,"statementMap":{"0":{"start":{"line":1,"column":0},"end":{"line":1,"column":50}},"1":{"start":{"line":2,"column":0},"end":{"line":2,"column":54}},"2":{"start":{"line":3,"column":0},"end":{"line":3,"column":48}},"3":{"start":{"line":4,"column":0},"end":{"line":4,"column":0}},"4":{"start":{"line":5,"column":0},"end":{"line":5,"column":31}},"5":{"start":{"line":6,"column":0},"end":{"line":6,"column":30}},"6":{"start":{"line":7,"column":0},"end":{"line":7,"column":16}},"7":{"start":{"line":8,"column":0},"end":{"line":8,"column":0}},"8":{"start":{"line":9,"column":0},"end":{"line":9,"column":25}},"9":{"start":{"line":10,"column":0},"end":{"line":10,"column":29}},"10":{"start":{"line":11,"column":0},"end":{"line":11,"column":29}},"11":{"start":{"line":12,"column":0},"end":{"line":12,"column":17}},"12":{"start":{"line":13,"column":0},"end":{"line":13,"column":8}},"13":{"start":{"line":14,"column":0},"end":{"line":14,"column":3}},"14":{"start":{"line":15,"column":0},"end":{"line":15,"column":0}},"15":{"start":{"line":16,"column":0},"end":{"line":16,"column":17}},"16":{"start":{"line":17,"column":0},"end":{"line":17,"column":10}},"17":{"start":{"line":18,"column":0},"end":{"line":18,"column":3}},"18":{"start":{"line":19,"column":0},"end":{"line":19,"column":0}},"19":{"start":{"line":20,"column":0},"end":{"line":20,"column":16}},"20":{"start":{"line":21,"column":0},"end":{"line":21,"column":57}},"21":{"start":{"line":22,"column":0},"end":{"line":22,"column":3}},"22":{"start":{"line":23,"column":0},"end":{"line":23,"column":0}},"23":{"start":{"line":24,"column":0},"end":{"line":24,"column":13}},"24":{"start":{"line":25,"column":0},"end":{"line":25,"column":51}},"25":{"start":{"line":26,"column":0},"end":{"line":26,"column":3}},"26":{"start":{"line":27,"column":0},"end":{"line":27,"column":0}},"27":{"start":{"line":28,"column":0},"end":{"line":28,"column":13}},"28":{"start":{"line":29,"column":0},"end":{"line":29,"column":47}},"29":{"start":{"line":30,"column":0},"end":{"line":30,"column":3}},"30":{"start":{"line":31,"column":0},"end":{"line":31,"column":0}},"31":{"start":{"line":32,"column":0},"end":{"line":32,"column":20}},"32":{"start":{"line":33,"column":0},"end":{"line":33,"column":74}},"33":{"start":{"line":34,"column":0},"end":{"line":34,"column":3}},"34":{"start":{"line":35,"column":0},"end":{"line":35,"column":0}},"35":{"start":{"line":36,"column":0},"end":{"line":36,"column":12}},"36":{"start":{"line":37,"column":0},"end":{"line":37,"column":29}},"37":{"start":{"line":38,"column":0},"end":{"line":38,"column":3}},"38":{"start":{"line":39,"column":0},"end":{"line":39,"column":0}},"39":{"start":{"line":40,"column":0},"end":{"line":40,"column":21}},"40":{"start":{"line":41,"column":0},"end":{"line":41,"column":72}},"41":{"start":{"line":42,"column":0},"end":{"line":42,"column":3}},"42":{"start":{"line":43,"column":0},"end":{"line":43,"column":1}},"43":{"start":{"line":44,"column":0},"end":{"line":44,"column":0}},"44":{"start":{"line":45,"column":0},"end":{"line":45,"column":26}}},"s":{"0":1,"1":1,"2":1,"3":1,"4":1,"5":1,"6":0,"7":0,"8":0,"9":0,"10":0,"11":0,"12":0,"13":0,"14":1,"15":1,"16":0,"17":0,"18":1,"19":1,"20":0,"21":0,"22":1,"23":1,"24":0,"25":0,"26":1,"27":1,"28":0,"29":0,"30":1,"31":1,"32":0,"33":0,"34":1,"35":1,"36":0,"37":0,"38":1,"39":1,"40":0,"41":0,"42":1,"43":1,"44":1},"branchMap":{},"b":{},"fnMap":{"0":{"name":"User","decl":{"start":{"line":6,"column":2},"end":{"line":14,"column":3}},"loc":{"start":{"line":6,"column":2},"end":{"line":14,"column":3}},"line":6},"1":{"name":"getUsername","decl":{"start":{"line":16,"column":2},"end":{"line":18,"column":3}},"loc":{"start":{"line":16,"column":2},"end":{"line":18,"column":3}},"line":16},"2":{"name":"getMaxRole","decl":{"start":{"line":20,"column":2},"end":{"line":22,"column":3}},"loc":{"start":{"line":20,"column":2},"end":{"line":22,"column":3}},"line":20},"3":{"name":"getRole","decl":{"start":{"line":24,"column":2},"end":{"line":26,"column":3}},"loc":{"start":{"line":24,"column":2},"end":{"line":26,"column":3}},"line":24},"4":{"name":"getShop","decl":{"start":{"line":28,"column":2},"end":{"line":30,"column":3}},"loc":{"start":{"line":28,"column":2},"end":{"line":30,"column":3}},"line":28},"5":{"name":"changeRole","decl":{"start":{"line":32,"column":2},"end":{"line":34,"column":3}},"loc":{"start":{"line":32,"column":2},"end":{"line":34,"column":3}},"line":32},"6":{"name":"isNull","decl":{"start":{"line":36,"column":2},"end":{"line":38,"column":3}},"loc":{"start":{"line":36,"column":2},"end":{"line":38,"column":3}},"line":36},"7":{"name":"_initData","decl":{"start":{"line":40,"column":17},"end":{"line":42,"column":3}},"loc":{"start":{"line":40,"column":17},"end":{"line":42,"column":3}},"line":40}},"f":{"0":0,"1":0,"2":0,"3":0,"4":0,"5":0,"6":0,"7":0}}
,"C:\\Users\\deris\\Documents\\Projects\\ws-ethereum\\src\\api\\src\\modules\\users\\users.module.js": {"path":"C:\\Users\\deris\\Documents\\Projects\\ws-ethereum\\src\\api\\src\\modules\\users\\users.module.js","all":false,"statementMap":{"0":{"start":{"line":1,"column":0},"end":{"line":1,"column":54}},"1":{"start":{"line":2,"column":0},"end":{"line":2,"column":41}},"2":{"start":{"line":3,"column":0},"end":{"line":3,"column":0}},"3":{"start":{"line":4,"column":0},"end":{"line":4,"column":38}},"4":{"start":{"line":5,"column":0},"end":{"line":5,"column":21}},"5":{"start":{"line":6,"column":0},"end":{"line":6,"column":16}},"6":{"start":{"line":7,"column":0},"end":{"line":7,"column":3}},"7":{"start":{"line":8,"column":0},"end":{"line":8,"column":0}},"8":{"start":{"line":9,"column":0},"end":{"line":9,"column":25}},"9":{"start":{"line":10,"column":0},"end":{"line":10,"column":62}},"10":{"start":{"line":11,"column":0},"end":{"line":11,"column":3}},"11":{"start":{"line":12,"column":0},"end":{"line":12,"column":0}},"12":{"start":{"line":13,"column":0},"end":{"line":13,"column":34}},"13":{"start":{"line":14,"column":0},"end":{"line":14,"column":71}},"14":{"start":{"line":15,"column":0},"end":{"line":15,"column":3}},"15":{"start":{"line":16,"column":0},"end":{"line":16,"column":0}},"16":{"start":{"line":17,"column":0},"end":{"line":17,"column":30}},"17":{"start":{"line":18,"column":0},"end":{"line":18,"column":44}},"18":{"start":{"line":19,"column":0},"end":{"line":19,"column":3}},"19":{"start":{"line":20,"column":0},"end":{"line":20,"column":1}},"20":{"start":{"line":21,"column":0},"end":{"line":21,"column":0}},"21":{"start":{"line":22,"column":0},"end":{"line":22,"column":33}}},"s":{"0":1,"1":1,"2":1,"3":1,"4":1,"5":4,"6":4,"7":1,"8":1,"9":0,"10":0,"11":1,"12":1,"13":2,"14":2,"15":1,"16":1,"17":0,"18":0,"19":1,"20":1,"21":1},"branchMap":{"0":{"type":"branch","line":5,"loc":{"start":{"line":5,"column":2},"end":{"line":7,"column":3}},"locations":[{"start":{"line":5,"column":2},"end":{"line":7,"column":3}}]},"1":{"type":"branch","line":13,"loc":{"start":{"line":13,"column":22},"end":{"line":15,"column":3}},"locations":[{"start":{"line":13,"column":22},"end":{"line":15,"column":3}}]}},"b":{"0":[4],"1":[2]},"fnMap":{"0":{"name":"UsersModule","decl":{"start":{"line":5,"column":2},"end":{"line":7,"column":3}},"loc":{"start":{"line":5,"column":2},"end":{"line":7,"column":3}},"line":5},"1":{"name":"getUserLogins","decl":{"start":{"line":9,"column":21},"end":{"line":11,"column":3}},"loc":{"start":{"line":9,"column":21},"end":{"line":11,"column":3}},"line":9},"2":{"name":"getUserAddress","decl":{"start":{"line":13,"column":22},"end":{"line":15,"column":3}},"loc":{"start":{"line":13,"column":22},"end":{"line":15,"column":3}},"line":13},"3":{"name":"getUser","decl":{"start":{"line":17,"column":15},"end":{"line":19,"column":3}},"loc":{"start":{"line":17,"column":15},"end":{"line":19,"column":3}},"line":17}},"f":{"0":4,"1":0,"2":2,"3":0}}
}
